Build started 3/13/2012 10:08:52 AM.
     1>Project "C:\Users\e\Documents\openFrameworks\apps\projects\MidiSequencer\emptyExample.vcxproj" on node 3 (build target(s)).
     1>InitializeBuildStatus:
         Creating "obj\Debug\MidiSequencer.unsuccessfulbuild" because "AlwaysCreate" was specified.
       ClCompile:
         All outputs are up-to-date.
       ManifestResourceCompile:
         All outputs are up-to-date.
       Link:
         All outputs are up-to-date.
       Manifest:
         All outputs are up-to-date.
       PostBuildEvent:
         Description: adding DLLs and creating data folder
         xcopy /e /i /y "C:\Users\e\Documents\openFrameworks\apps\projects\MidiSequencer\..\..\..\export\vs2010\*.dll" "C:\Users\e\Documents\openFrameworks\apps\projects\MidiSequencer\bin"
         if not exist "C:\Users\e\Documents\openFrameworks\apps\projects\MidiSequencer\bin\data" mkdir  "C:\Users\e\Documents\openFrameworks\apps\projects\MidiSequencer\bin\data"
         
         :VCEnd
         C:\Users\e\Documents\openFrameworks\apps\projects\MidiSequencer\..\..\..\export\vs2010\fmodex.dll
         C:\Users\e\Documents\openFrameworks\apps\projects\MidiSequencer\..\..\..\export\vs2010\fmodexL.dll
         C:\Users\e\Documents\openFrameworks\apps\projects\MidiSequencer\..\..\..\export\vs2010\FreeImage.dll
         C:\Users\e\Documents\openFrameworks\apps\projects\MidiSequencer\..\..\..\export\vs2010\FreeType-6.dll
         C:\Users\e\Documents\openFrameworks\apps\projects\MidiSequencer\..\..\..\export\vs2010\glut32.dll
         C:\Users\e\Documents\openFrameworks\apps\projects\MidiSequencer\..\..\..\export\vs2010\Zlib.dll
         6 File(s) copied
       FinalizeBuildStatus:
         Deleting file "obj\Debug\MidiSequencer.unsuccessfulbuild".
         Touching "obj\Debug\MidiSequencer.lastbuildstate".
     1>Done Building Project "C:\Users\e\Documents\openFrameworks\apps\projects\MidiSequencer\emptyExample.vcxproj" (build target(s)).

Build succeeded.

Time Elapsed 00:00:00.56
